c:\users\edward\downloads\automaticprojecttesting_aug2015_vs2015\automaticprojecttesting_aug2015_vs2015\emptygeneraltesting\spa\debug\spa.pdb
c:\users\edward\downloads\automaticprojecttesting_aug2015_vs2015\automaticprojecttesting_aug2015_vs2015\emptygeneraltesting\spa\debug\spa.idb
c:\users\edward\downloads\automaticprojecttesting_aug2015_vs2015\automaticprojecttesting_aug2015_vs2015\emptygeneraltesting\spa\debug\parser.obj
c:\users\edward\downloads\automaticprojecttesting_aug2015_vs2015\automaticprojecttesting_aug2015_vs2015\emptygeneraltesting\spa\debug\pkb.obj
c:\users\edward\downloads\automaticprojecttesting_aug2015_vs2015\automaticprojecttesting_aug2015_vs2015\emptygeneraltesting\spa\debug\follows.obj
c:\users\edward\downloads\automaticprojecttesting_aug2015_vs2015\automaticprojecttesting_aug2015_vs2015\emptygeneraltesting\spa\debug\modifies.obj
c:\users\edward\downloads\automaticprojecttesting_aug2015_vs2015\automaticprojecttesting_aug2015_vs2015\emptygeneraltesting\spa\debug\parent.obj
c:\users\edward\downloads\automaticprojecttesting_aug2015_vs2015\automaticprojecttesting_aug2015_vs2015\emptygeneraltesting\spa\debug\prefix.obj
c:\users\edward\downloads\automaticprojecttesting_aug2015_vs2015\automaticprojecttesting_aug2015_vs2015\emptygeneraltesting\spa\debug\preprocessor.obj
c:\users\edward\downloads\automaticprojecttesting_aug2015_vs2015\automaticprojecttesting_aug2015_vs2015\emptygeneraltesting\spa\debug\proctable.obj
c:\users\edward\downloads\automaticprojecttesting_aug2015_vs2015\automaticprojecttesting_aug2015_vs2015\emptygeneraltesting\spa\debug\querycontroller.obj
c:\users\edward\downloads\automaticprojecttesting_aug2015_vs2015\automaticprojecttesting_aug2015_vs2015\emptygeneraltesting\spa\debug\queryevaluator.obj
c:\users\edward\downloads\automaticprojecttesting_aug2015_vs2015\automaticprojecttesting_aug2015_vs2015\emptygeneraltesting\spa\debug\queryresultprojector.obj
c:\users\edward\downloads\automaticprojecttesting_aug2015_vs2015\automaticprojecttesting_aug2015_vs2015\emptygeneraltesting\spa\debug\querytree.obj
c:\users\edward\downloads\automaticprojecttesting_aug2015_vs2015\automaticprojecttesting_aug2015_vs2015\emptygeneraltesting\spa\debug\queryvalidator.obj
c:\users\edward\downloads\automaticprojecttesting_aug2015_vs2015\automaticprojecttesting_aug2015_vs2015\emptygeneraltesting\spa\debug\relationship.obj
c:\users\edward\downloads\automaticprojecttesting_aug2015_vs2015\automaticprojecttesting_aug2015_vs2015\emptygeneraltesting\spa\debug\relationshiptable.obj
c:\users\edward\downloads\automaticprojecttesting_aug2015_vs2015\automaticprojecttesting_aug2015_vs2015\emptygeneraltesting\spa\debug\resulttable.obj
c:\users\edward\downloads\automaticprojecttesting_aug2015_vs2015\automaticprojecttesting_aug2015_vs2015\emptygeneraltesting\spa\debug\stacknode.obj
c:\users\edward\downloads\automaticprojecttesting_aug2015_vs2015\automaticprojecttesting_aug2015_vs2015\emptygeneraltesting\spa\debug\suffix.obj
c:\users\edward\downloads\automaticprojecttesting_aug2015_vs2015\automaticprojecttesting_aug2015_vs2015\emptygeneraltesting\spa\debug\ui.obj
c:\users\edward\downloads\automaticprojecttesting_aug2015_vs2015\automaticprojecttesting_aug2015_vs2015\emptygeneraltesting\spa\debug\uses.obj
c:\users\edward\downloads\automaticprojecttesting_aug2015_vs2015\automaticprojecttesting_aug2015_vs2015\emptygeneraltesting\spa\debug\validatormain.obj
c:\users\edward\downloads\automaticprojecttesting_aug2015_vs2015\automaticprojecttesting_aug2015_vs2015\emptygeneraltesting\spa\debug\vartable.obj
c:\users\edward\downloads\automaticprojecttesting_aug2015_vs2015\automaticprojecttesting_aug2015_vs2015\emptygeneraltesting\spa\debug\anotherexpressiontree.obj
c:\users\edward\downloads\automaticprojecttesting_aug2015_vs2015\automaticprojecttesting_aug2015_vs2015\emptygeneraltesting\spa\debug\ast.obj
c:\users\edward\downloads\automaticprojecttesting_aug2015_vs2015\automaticprojecttesting_aug2015_vs2015\emptygeneraltesting\spa\debug\astnode.obj
c:\users\edward\downloads\automaticprojecttesting_aug2015_vs2015\automaticprojecttesting_aug2015_vs2015\emptygeneraltesting\spa\debug\checker.obj
c:\users\edward\downloads\automaticprojecttesting_aug2015_vs2015\automaticprojecttesting_aug2015_vs2015\emptygeneraltesting\spa\debug\controller.obj
c:\users\edward\downloads\automaticprojecttesting_aug2015_vs2015\automaticprojecttesting_aug2015_vs2015\emptygeneraltesting\debug\spa.lib
c:\users\edward\downloads\automaticprojecttesting_aug2015_vs2015\automaticprojecttesting_aug2015_vs2015\emptygeneraltesting\debug\spa.pdb
c:\users\edward\downloads\automaticprojecttesting_aug2015_vs2015\automaticprojecttesting_aug2015_vs2015\emptygeneraltesting\spa\debug\spa.tlog\cl.command.1.tlog
c:\users\edward\downloads\automaticprojecttesting_aug2015_vs2015\automaticprojecttesting_aug2015_vs2015\emptygeneraltesting\spa\debug\spa.tlog\cl.read.1.tlog
c:\users\edward\downloads\automaticprojecttesting_aug2015_vs2015\automaticprojecttesting_aug2015_vs2015\emptygeneraltesting\spa\debug\spa.tlog\cl.write.1.tlog
c:\users\edward\downloads\automaticprojecttesting_aug2015_vs2015\automaticprojecttesting_aug2015_vs2015\emptygeneraltesting\spa\debug\spa.tlog\lib-link.read.1.tlog
c:\users\edward\downloads\automaticprojecttesting_aug2015_vs2015\automaticprojecttesting_aug2015_vs2015\emptygeneraltesting\spa\debug\spa.tlog\lib-link.write.1.tlog
c:\users\edward\downloads\automaticprojecttesting_aug2015_vs2015\automaticprojecttesting_aug2015_vs2015\emptygeneraltesting\spa\debug\spa.tlog\lib.command.1.tlog
